Using pre-set license
Built from '2022.3/release' branch; Version is '2022.3.20f1 (61c2feb0970d) revision 6406910'; Using compiler version '192829333'; Build Type 'Release'
OS: 'Windows 10  (10.0.19045) 64bit Core' Language: 'en' Physical Memory: 16219 MB
BatchMode: 1, IsHumanControllingUs: 0, StartBugReporterOnCrash: 0, Is64bit: 1, IsPro: 1

COMMAND LINE ARGUMENTS:
C:\Program Files\Unity\Hub\Editor\2022.3.20f1\Editor\Unity.exe
-adb2
-batchMode
-noUpm
-name
AssetImportWorker3
-projectPath
D:/Normal unity stuff/Prueba SMA2
-logFile
Logs/AssetImportWorker3.log
-srvPort
52429
Successfully changed project path to: D:/Normal unity stuff/Prueba SMA2
D:/Normal unity stuff/Prueba SMA2
[UnityMemory] Configuration Parameters - Can be set up in boot.config
    "memorysetup-bucket-allocator-granularity=16"
    "memorysetup-bucket-allocator-bucket-count=8"
    "memorysetup-bucket-allocator-block-size=33554432"
    "memorysetup-bucket-allocator-block-count=8"
    "memorysetup-main-allocator-block-size=16777216"
    "memorysetup-thread-allocator-block-size=16777216"
    "memorysetup-gfx-main-allocator-block-size=16777216"
    "memorysetup-gfx-thread-allocator-block-size=16777216"
    "memorysetup-cache-allocator-block-size=4194304"
    "memorysetup-typetree-allocator-block-size=2097152"
    "memorysetup-profiler-bucket-allocator-granularity=16"
    "memorysetup-profiler-bucket-allocator-bucket-count=8"
    "memorysetup-profiler-bucket-allocator-block-size=33554432"
    "memorysetup-profiler-bucket-allocator-block-count=8"
    "memorysetup-profiler-allocator-block-size=16777216"
    "memorysetup-profiler-editor-allocator-block-size=1048576"
    "memorysetup-temp-allocator-size-main=16777216"
    "memorysetup-job-temp-allocator-block-size=2097152"
    "memorysetup-job-temp-allocator-block-size-background=1048576"
    "memorysetup-job-temp-allocator-reduction-small-platforms=262144"
    "memorysetup-allocator-temp-initial-block-size-main=262144"
    "memorysetup-allocator-temp-initial-block-size-worker=262144"
    "memorysetup-temp-allocator-size-background-worker=32768"
    "memorysetup-temp-allocator-size-job-worker=262144"
    "memorysetup-temp-allocator-size-preload-manager=33554432"
    "memorysetup-temp-allocator-size-nav-mesh-worker=65536"
    "memorysetup-temp-allocator-size-audio-worker=65536"
    "memorysetup-temp-allocator-size-cloud-worker=32768"
    "memorysetup-temp-allocator-size-gi-baking-worker=262144"
    "memorysetup-temp-allocator-size-gfx=262144"
Player connection [20436] Host "[IP] 192.168.56.1 [Port] 0 [Flags] 2 [Guid] 2733318099 [EditorId] 2733318099 [Version] 1048832 [Id] WindowsEditor(7,LAPTOP-GEUJLTM1) [Debug] 1 [PackageName] WindowsEditor [ProjectName] Editor" joined multi-casting on [225.0.0.222:54997]...

Player connection [20436] Host "[IP] 192.168.56.1 [Port] 0 [Flags] 2 [Guid] 2733318099 [EditorId] 2733318099 [Version] 1048832 [Id] WindowsEditor(7,LAPTOP-GEUJLTM1) [Debug] 1 [PackageName] WindowsEditor [ProjectName] Editor" joined alternative multi-casting on [225.0.0.222:34997]...

[Physics::Module] Initialized MultithreadedJobDispatcher with 15 workers.
Refreshing native plugins compatible for Editor in 8.88 ms, found 3 plugins.
Preloading 0 native plugins for Editor in 0.00 ms.
Initialize engine version: 2022.3.20f1 (61c2feb0970d)
[Subsystems] Discovering subsystems at path C:/Program Files/Unity/Hub/Editor/2022.3.20f1/Editor/Data/Resources/UnitySubsystems
[Subsystems] Discovering subsystems at path D:/Normal unity stuff/Prueba SMA2/Assets
GfxDevice: creating device client; threaded=0; jobified=0
Direct3D:
    Version:  Direct3D 11.0 [level 11.1]
    Renderer: NVIDIA GeForce RTX 3060 Laptop GPU (ID=0x2560)
    Vendor:   NVIDIA
    VRAM:     5996 MB
    Driver:   31.0.15.5161
Initialize mono
Mono path[0] = 'C:/Program Files/Unity/Hub/Editor/2022.3.20f1/Editor/Data/Managed'
Mono path[1] = 'C:/Program Files/Unity/Hub/Editor/2022.3.20f1/Editor/Data/MonoBleedingEdge/lib/mono/unityjit-win32'
Mono config path = 'C:/Program Files/Unity/Hub/Editor/2022.3.20f1/Editor/Data/MonoBleedingEdge/etc'
Using monoOptions --debugger-agent=transport=dt_socket,embedding=1,server=y,suspend=n,address=127.0.0.1:56064
Begin MonoManager ReloadAssembly
Registering precompiled unity dll's ...
Register platform support module: C:/Program Files/Unity/Hub/Editor/2022.3.20f1/Editor/Data/PlaybackEngines/WindowsStandaloneSupport/UnityEditor.WindowsStandalone.Extensions.dll
Registered in 0.012652 seconds.
- Loaded All Assemblies, in  0.373 seconds
Native extension for WindowsStandalone target not found
Mono: successfully reloaded assembly
- Finished resetting the current domain, in  0.259 seconds
Domain Reload Profiling: 630ms
	BeginReloadAssembly (110ms)
		ExecutionOrderSort (0ms)
		DisableScriptedObjects (0ms)
		BackupInstance (0ms)
		ReleaseScriptingObjects (0ms)
		CreateAndSetChildDomain (1ms)
	RebuildCommonClasses (37ms)
	RebuildNativeTypeToScriptingClass (16ms)
	initialDomainReloadingComplete (64ms)
	LoadAllAssembliesAndSetupDomain (143ms)
		LoadAssemblies (105ms)
		RebuildTransferFunctionScriptingTraits (0ms)
		AnalyzeDomain (141ms)
			TypeCache.Refresh (140ms)
				TypeCache.ScanAssembly (125ms)
			ScanForSourceGeneratedMonoScriptInfo (0ms)
			ResolveRequiredComponents (0ms)
	FinalizeReload (259ms)
		ReleaseScriptCaches (0ms)
		RebuildScriptCaches (0ms)
		SetupLoadedEditorAssemblies (205ms)
			LogAssemblyErrors (0ms)
			InitializePlatformSupportModulesInManaged (11ms)
			SetLoadedEditorAssemblies (9ms)
			RefreshPlugins (0ms)
			BeforeProcessingInitializeOnLoad (2ms)
			ProcessInitializeOnLoadAttributes (134ms)
			ProcessInitializeOnLoadMethodAttributes (49ms)
			AfterProcessingInitializeOnLoad (0ms)
			EditorAssembliesLoaded (0ms)
		ExecutionOrderSort2 (0ms)
		AwakeInstancesAfterBackupRestoration (0ms)
========================================================================
Worker process is ready to serve import requests
Begin MonoManager ReloadAssembly
- Loaded All Assemblies, in  0.605 seconds
Refreshing native plugins compatible for Editor in 2.77 ms, found 3 plugins.
Native extension for WindowsStandalone target not found
Package Manager log level set to [2]
[Package Manager] Server::EnsureServerProcessIsRunning -- launch failed, reason: Unity was launched with the -noUpm command-line argument
[Package Manager] UpmClient::Send -- Unable to send message (not connected to UPM process).
[Package Manager] Cannot connect to Unity Package Manager local server
Mono: successfully reloaded assembly
- Finished resetting the current domain, in  0.770 seconds
Domain Reload Profiling: 1374ms
	BeginReloadAssembly (140ms)
		ExecutionOrderSort (0ms)
		DisableScriptedObjects (4ms)
		BackupInstance (0ms)
		ReleaseScriptingObjects (0ms)
		CreateAndSetChildDomain (23ms)
	RebuildCommonClasses (29ms)
	RebuildNativeTypeToScriptingClass (9ms)
	initialDomainReloadingComplete (37ms)
	LoadAllAssembliesAndSetupDomain (389ms)
		LoadAssemblies (286ms)
		RebuildTransferFunctionScriptingTraits (0ms)
		AnalyzeDomain (182ms)
			TypeCache.Refresh (151ms)
				TypeCache.ScanAssembly (135ms)
			ScanForSourceGeneratedMonoScriptInfo (20ms)
			ResolveRequiredComponents (10ms)
	FinalizeReload (771ms)
		ReleaseScriptCaches (0ms)
		RebuildScriptCaches (0ms)
		SetupLoadedEditorAssemblies (565ms)
			LogAssemblyErrors (0ms)
			InitializePlatformSupportModulesInManaged (6ms)
			SetLoadedEditorAssemblies (3ms)
			RefreshPlugins (0ms)
			BeforeProcessingInitializeOnLoad (59ms)
			ProcessInitializeOnLoadAttributes (430ms)
			ProcessInitializeOnLoadMethodAttributes (58ms)
			AfterProcessingInitializeOnLoad (8ms)
			EditorAssembliesLoaded (0ms)
		ExecutionOrderSort2 (0ms)
		AwakeInstancesAfterBackupRestoration (6ms)
Launched and connected shader compiler UnityShaderCompiler.exe after 0.05 seconds
Refreshing native plugins compatible for Editor in 2.45 ms, found 3 plugins.
Preloading 0 native plugins for Editor in 0.00 ms.
Unloading 4932 Unused Serialized files (Serialized files now loaded: 0)
Unloading 75 unused Assets / (0.8 MB). Loaded Objects now: 5378.
Memory consumption went from 202.5 MB to 201.8 MB.
Total: 3.780000 ms (FindLiveObjects: 0.415400 ms CreateObjectMapping: 0.154800 ms MarkObjects: 2.743600 ms  DeleteObjects: 0.465000 ms)

AssetImportParameters requested are different than current active one (requested -> active):
  custom:container-demuxer-ogg: 62fdf1f143b41e24485cea50d1cbac27 -> 
  custom:video-codec-MediaFoundation-h265: 746d11721c4dcdbdad8f713fa42b33f4 -> 
  custom:video-decoder-ogg-theora: a1e56fd34408186e4bbccfd4996cb3dc -> 
  custom:framework-win-MediaFoundation: 216162199b28c13a410421893ffa2e32 -> 
  custom:CustomObjectIndexerAttribute: 62b5816608c3102f162a1797e29626cf -> 
  custom:container-demuxer-webm: 4f35f7cbe854078d1ac9338744f61a02 -> 
  custom:container-muxer-webm: aa71ff27fc2769a1b78a27578f13a17b -> 
  custom:video-decoder-webm-vp8: 9c59270c3fd7afecdb556c50c9e8de78 -> 
  custom:SearchIndexIgnoredProperties: e643bd26f0fe6173181afceb89e7c659 -> 
  custom:AudioImporter_EditorPlatform: d09bf68614088b80899f8185d706f6e7 -> 
  custom:video-encoder-webm-vp8: eb34c28f22e8b96e1ab97ce403110664 -> 
  custom:audio-decoder-ogg-vorbis: bf7c407c2cedff20999df2af8eb42d56 -> 
  custom:audio-encoder-webm-vorbis: bf7c407c2cedff20999df2af8eb42d56 -> 
========================================================================
Received Import Request.
  Time since last request: 23740.514402 seconds.
  path: Assets/DevDen Arch Viz Scotland HDRP/Materials/toasterNew.mat
  artifactKey: Guid(0feb6fd111fad4340a845fdcc88a0256) Importer(815301076,1909f56bfc062723c751e8b465ee728b)
Start importing Assets/DevDen Arch Viz Scotland HDRP/Materials/toasterNew.mat using Guid(0feb6fd111fad4340a845fdcc88a0256) Importer(815301076,1909f56bfc062723c751e8b465ee728b)  -> (artifact id: 'fd43454f39e4155ff2c166bb38bed55e') in 0.299753 seconds
Number of updated asset objects reloaded before import = 0
Number of asset objects unloaded after import = 7
========================================================================
Received Import Request.
  Time since last request: 0.000049 seconds.
  path: Assets/DevDen Arch Viz Scotland HDRP/Materials/LightEmission01.mat
  artifactKey: Guid(127f549d75d93b041a572db38c6a5e82) Importer(815301076,1909f56bfc062723c751e8b465ee728b)
Start importing Assets/DevDen Arch Viz Scotland HDRP/Materials/LightEmission01.mat using Guid(127f549d75d93b041a572db38c6a5e82) Importer(815301076,1909f56bfc062723c751e8b465ee728b)  -> (artifact id: '327a2c3abae133980cca9f89ad9934fa') in 0.008104 seconds
Number of updated asset objects reloaded before import = 0
Number of asset objects unloaded after import = 2
========================================================================
Received Import Request.
  Time since last request: 0.000021 seconds.
  path: Assets/DevDen Arch Viz Scotland HDRP/Materials/magazine1.mat
  artifactKey: Guid(a520e1c1400c95f4189f929b80620599) Importer(815301076,1909f56bfc062723c751e8b465ee728b)
Start importing Assets/DevDen Arch Viz Scotland HDRP/Materials/magazine1.mat using Guid(a520e1c1400c95f4189f929b80620599) Importer(815301076,1909f56bfc062723c751e8b465ee728b)  -> (artifact id: '7fb345cff9068685bd3f1bd216b8790b') in 0.014961 seconds
Number of updated asset objects reloaded before import = 0
Number of asset objects unloaded after import = 3
========================================================================
Received Import Request.
  Time since last request: 0.000026 seconds.
  path: Assets/DevDen Arch Viz Scotland HDRP/Materials/Living_Room_lamp_1.mat
  artifactKey: Guid(ae4819e8bfaa69e41afbdd0684273139) Importer(815301076,1909f56bfc062723c751e8b465ee728b)
Start importing Assets/DevDen Arch Viz Scotland HDRP/Materials/Living_Room_lamp_1.mat using Guid(ae4819e8bfaa69e41afbdd0684273139) Importer(815301076,1909f56bfc062723c751e8b465ee728b)  -> (artifact id: '5a7bed66ffb0027f822a8c35b79a5acc') in 0.006869 seconds
Number of updated asset objects reloaded before import = 0
Number of asset objects unloaded after import = 2
========================================================================
Received Import Request.
  Time since last request: 0.000018 seconds.
  path: Assets/DevDen Arch Viz Scotland HDRP/Materials/balcony_metal.mat
  artifactKey: Guid(13569de9d5005e848bb78a475a99f57d) Importer(815301076,1909f56bfc062723c751e8b465ee728b)
Start importing Assets/DevDen Arch Viz Scotland HDRP/Materials/balcony_metal.mat using Guid(13569de9d5005e848bb78a475a99f57d) Importer(815301076,1909f56bfc062723c751e8b465ee728b)  -> (artifact id: '7a9a7efca88c1e5e3dede6543777d4b4') in 0.023365 seconds
Number of updated asset objects reloaded before import = 0
Number of asset objects unloaded after import = 4
========================================================================
Received Import Request.
  Time since last request: 0.000015 seconds.
  path: Assets/DevDen Arch Viz Scotland HDRP/Materials/towel2.mat
  artifactKey: Guid(92dc008d350dc224487808646ee43e0a) Importer(815301076,1909f56bfc062723c751e8b465ee728b)
Start importing Assets/DevDen Arch Viz Scotland HDRP/Materials/towel2.mat using Guid(92dc008d350dc224487808646ee43e0a) Importer(815301076,1909f56bfc062723c751e8b465ee728b)  -> (artifact id: 'e60171db466f910c8b84bb841c642a47') in 0.006724 seconds
Number of updated asset objects reloaded before import = 0
Number of asset objects unloaded after import = 2
========================================================================
Received Import Request.
  Time since last request: 0.000025 seconds.
  path: Assets/DevDen Arch Viz Scotland HDRP/Materials/balcony_chair1.mat
  artifactKey: Guid(34bbb14a626283c4692c514dd36a6197) Importer(815301076,1909f56bfc062723c751e8b465ee728b)
Start importing Assets/DevDen Arch Viz Scotland HDRP/Materials/balcony_chair1.mat using Guid(34bbb14a626283c4692c514dd36a6197) Importer(815301076,1909f56bfc062723c751e8b465ee728b)  -> (artifact id: '011a2320a9ffbe0ef01aa2f43d0fa983') in 0.030165 seconds
Number of updated asset objects reloaded before import = 0
Number of asset objects unloaded after import = 5
========================================================================
Received Import Request.
  Time since last request: 0.000017 seconds.
  path: Assets/DevDen Arch Viz Scotland HDRP/Materials/CommonPlastic01.mat
  artifactKey: Guid(cf1264f540ebacd479cd135c22c04384) Importer(815301076,1909f56bfc062723c751e8b465ee728b)
Start importing Assets/DevDen Arch Viz Scotland HDRP/Materials/CommonPlastic01.mat using Guid(cf1264f540ebacd479cd135c22c04384) Importer(815301076,1909f56bfc062723c751e8b465ee728b)  -> (artifact id: '7d86eae8d0ffb4991217acd641e68743') in 0.006201 seconds
Number of updated asset objects reloaded before import = 0
Number of asset objects unloaded after import = 2
========================================================================
Received Import Request.
  Time since last request: 0.000018 seconds.
  path: Assets/DevDen Arch Viz Scotland HDRP/Materials/LightBulb02.mat
  artifactKey: Guid(0314a7c3a5e4e044dbdf57ae07bc8967) Importer(815301076,1909f56bfc062723c751e8b465ee728b)
Start importing Assets/DevDen Arch Viz Scotland HDRP/Materials/LightBulb02.mat using Guid(0314a7c3a5e4e044dbdf57ae07bc8967) Importer(815301076,1909f56bfc062723c751e8b465ee728b)  -> (artifact id: '38a96a547cebd1233cec67a1e643f6c3') in 0.006586 seconds
Number of updated asset objects reloaded before import = 0
Number of asset objects unloaded after import = 2
========================================================================
Received Import Request.
  Time since last request: 0.000016 seconds.
  path: Assets/DevDen Arch Viz Scotland HDRP/Materials/TV_Shelf.mat
  artifactKey: Guid(d9aef06b55740964e95be9a98cafec86) Importer(815301076,1909f56bfc062723c751e8b465ee728b)
Start importing Assets/DevDen Arch Viz Scotland HDRP/Materials/TV_Shelf.mat using Guid(d9aef06b55740964e95be9a98cafec86) Importer(815301076,1909f56bfc062723c751e8b465ee728b)  -> (artifact id: 'ca6a3319029b229ed2065e3ac00eb6b0') in 0.023702 seconds
Number of updated asset objects reloaded before import = 0
Number of asset objects unloaded after import = 5
========================================================================
Received Import Request.
  Time since last request: 0.000038 seconds.
  path: Assets/DevDen Arch Viz Scotland HDRP/Materials/hanging_lamp_2.mat
  artifactKey: Guid(9c82caf8a56fbcf4d8620a62d8924bd6) Importer(815301076,1909f56bfc062723c751e8b465ee728b)
Start importing Assets/DevDen Arch Viz Scotland HDRP/Materials/hanging_lamp_2.mat using Guid(9c82caf8a56fbcf4d8620a62d8924bd6) Importer(815301076,1909f56bfc062723c751e8b465ee728b)  -> (artifact id: '0a3890f934c89ab1d8b4455093f70bbf') in 0.006574 seconds
Number of updated asset objects reloaded before import = 0
Number of asset objects unloaded after import = 2
========================================================================
Received Import Request.
  Time since last request: 0.000025 seconds.
  path: Assets/DevDen Arch Viz Scotland HDRP/Materials/Bedroom_wood_table.mat
  artifactKey: Guid(70c95c892379c10408084b3a5254ca62) Importer(815301076,1909f56bfc062723c751e8b465ee728b)
Start importing Assets/DevDen Arch Viz Scotland HDRP/Materials/Bedroom_wood_table.mat using Guid(70c95c892379c10408084b3a5254ca62) Importer(815301076,1909f56bfc062723c751e8b465ee728b)  -> (artifact id: 'fcf396663b26aac1ed7d0427fcf15425') in 0.024831 seconds
Number of updated asset objects reloaded before import = 0
Number of asset objects unloaded after import = 5
========================================================================
Received Import Request.
  Time since last request: 0.000034 seconds.
  path: Assets/DevDen Arch Viz Scotland HDRP/Materials/fruit_bowl_metal.mat
  artifactKey: Guid(45e08b92a98c32440aafcfefb82567da) Importer(815301076,1909f56bfc062723c751e8b465ee728b)
Start importing Assets/DevDen Arch Viz Scotland HDRP/Materials/fruit_bowl_metal.mat using Guid(45e08b92a98c32440aafcfefb82567da) Importer(815301076,1909f56bfc062723c751e8b465ee728b)  -> (artifact id: '1be094dc1682a705db77cd1904fb1949') in 0.033294 seconds
Number of updated asset objects reloaded before import = 0
Number of asset objects unloaded after import = 5
========================================================================
Received Import Request.
  Time since last request: 0.000025 seconds.
  path: Assets/DevDen Arch Viz Scotland HDRP/Materials/bedroom_floor4.mat
  artifactKey: Guid(960f40ab0560d954a9226853efce705e) Importer(815301076,1909f56bfc062723c751e8b465ee728b)
Start importing Assets/DevDen Arch Viz Scotland HDRP/Materials/bedroom_floor4.mat using Guid(960f40ab0560d954a9226853efce705e) Importer(815301076,1909f56bfc062723c751e8b465ee728b)  -> (artifact id: 'b398c4e99a8aaab19354c0be66bb98e3') in 0.023135 seconds
Number of updated asset objects reloaded before import = 0
Number of asset objects unloaded after import = 5
========================================================================
Received Import Request.
  Time since last request: 0.000017 seconds.
  path: Assets/DevDen Arch Viz Scotland HDRP/Materials/Bathroom_glass_1.mat
  artifactKey: Guid(e25a3e5a28bef0a4ab5d7cada6b31f35) Importer(815301076,1909f56bfc062723c751e8b465ee728b)
Start importing Assets/DevDen Arch Viz Scotland HDRP/Materials/Bathroom_glass_1.mat using Guid(e25a3e5a28bef0a4ab5d7cada6b31f35) Importer(815301076,1909f56bfc062723c751e8b465ee728b)  -> (artifact id: 'ddf4ac48c7d7c7843ce8b7d5afa51b91') in 0.015514 seconds
Number of updated asset objects reloaded before import = 0
Number of asset objects unloaded after import = 3
========================================================================
Received Import Request.
  Time since last request: 0.000029 seconds.
  path: Assets/DevDen Arch Viz Scotland HDRP/Materials/bathroom_cabin.mat
  artifactKey: Guid(8b0989f7705aa3a4e9dec261f9a560e2) Importer(815301076,1909f56bfc062723c751e8b465ee728b)
Start importing Assets/DevDen Arch Viz Scotland HDRP/Materials/bathroom_cabin.mat using Guid(8b0989f7705aa3a4e9dec261f9a560e2) Importer(815301076,1909f56bfc062723c751e8b465ee728b)  -> (artifact id: 'fb74ea8655a8aad7115b49a4931cef5f') in 0.020780 seconds
Number of updated asset objects reloaded before import = 0
Number of asset objects unloaded after import = 5
========================================================================
Received Import Request.
  Time since last request: 0.000054 seconds.
  path: Assets/DevDen Arch Viz Scotland HDRP/Materials/ceramic.mat
  artifactKey: Guid(12e6f9ff373ca6945b1b0336dca53519) Importer(815301076,1909f56bfc062723c751e8b465ee728b)
Start importing Assets/DevDen Arch Viz Scotland HDRP/Materials/ceramic.mat using Guid(12e6f9ff373ca6945b1b0336dca53519) Importer(815301076,1909f56bfc062723c751e8b465ee728b)  -> (artifact id: '0c74dca587670f7c68656807870001b1') in 0.015428 seconds
Number of updated asset objects reloaded before import = 0
Number of asset objects unloaded after import = 4
========================================================================
Received Import Request.
  Time since last request: 0.000020 seconds.
  path: Assets/DevDen Arch Viz Scotland HDRP/Materials/Cherry Highgloss.mat
  artifactKey: Guid(15ee22aa0cfdcc942a7d2a7949bb76a0) Importer(815301076,1909f56bfc062723c751e8b465ee728b)
Start importing Assets/DevDen Arch Viz Scotland HDRP/Materials/Cherry Highgloss.mat using Guid(15ee22aa0cfdcc942a7d2a7949bb76a0) Importer(815301076,1909f56bfc062723c751e8b465ee728b)  -> (artifact id: '986bb5af817c50a5e6ce26ff601273f7') in 0.009491 seconds
Number of updated asset objects reloaded before import = 0
Number of asset objects unloaded after import = 2
========================================================================
Received Import Request.
  Time since last request: 0.000022 seconds.
  path: Assets/DevDen Arch Viz Scotland HDRP/Materials/Book5.mat
  artifactKey: Guid(69bfce18717b81c469e7e5d9d565e6a9) Importer(815301076,1909f56bfc062723c751e8b465ee728b)
Start importing Assets/DevDen Arch Viz Scotland HDRP/Materials/Book5.mat using Guid(69bfce18717b81c469e7e5d9d565e6a9) Importer(815301076,1909f56bfc062723c751e8b465ee728b)  -> (artifact id: '207a200608293ac8f84860e6c48db07a') in 0.007573 seconds
Number of updated asset objects reloaded before import = 0
Number of asset objects unloaded after import = 2
========================================================================
Received Import Request.
  Time since last request: 0.000026 seconds.
  path: Assets/DevDen Arch Viz Scotland HDRP/Materials/LightPlastic02.mat
  artifactKey: Guid(72d7b22388f9b924f8e6832e0f958fc2) Importer(815301076,1909f56bfc062723c751e8b465ee728b)
Start importing Assets/DevDen Arch Viz Scotland HDRP/Materials/LightPlastic02.mat using Guid(72d7b22388f9b924f8e6832e0f958fc2) Importer(815301076,1909f56bfc062723c751e8b465ee728b)  -> (artifact id: '0491adf3e59f4554dbe9766f86a8dc27') in 0.014147 seconds
Number of updated asset objects reloaded before import = 0
Number of asset objects unloaded after import = 4
========================================================================
Received Import Request.
  Time since last request: 0.000021 seconds.
  path: Assets/DevDen Arch Viz Scotland HDRP/Materials/imouse.mat
  artifactKey: Guid(0ff14cbe3905cad43abe27778914549d) Importer(815301076,1909f56bfc062723c751e8b465ee728b)
Start importing Assets/DevDen Arch Viz Scotland HDRP/Materials/imouse.mat using Guid(0ff14cbe3905cad43abe27778914549d) Importer(815301076,1909f56bfc062723c751e8b465ee728b)  -> (artifact id: 'ba7c6ab49b66f4b949f3ec5701a21a04') in 0.016335 seconds
Number of updated asset objects reloaded before import = 0
Number of asset objects unloaded after import = 5
========================================================================
Received Import Request.
  Time since last request: 0.000022 seconds.
  path: Assets/DevDen Arch Viz Scotland HDRP/Materials/pillow_1.mat
  artifactKey: Guid(04e9839828d93974b88334d297508516) Importer(815301076,1909f56bfc062723c751e8b465ee728b)
Start importing Assets/DevDen Arch Viz Scotland HDRP/Materials/pillow_1.mat using Guid(04e9839828d93974b88334d297508516) Importer(815301076,1909f56bfc062723c751e8b465ee728b)  -> (artifact id: '10b8c3570f01367ca622e0395e5b1419') in 0.040515 seconds
Number of updated asset objects reloaded before import = 0
Number of asset objects unloaded after import = 5
========================================================================
Received Import Request.
  Time since last request: 0.000034 seconds.
  path: Assets/DevDen Arch Viz Scotland HDRP/Materials/Furniture_Atlas_1.mat
  artifactKey: Guid(f9add7219a5b60440b1d464521ead527) Importer(815301076,1909f56bfc062723c751e8b465ee728b)
Start importing Assets/DevDen Arch Viz Scotland HDRP/Materials/Furniture_Atlas_1.mat using Guid(f9add7219a5b60440b1d464521ead527) Importer(815301076,1909f56bfc062723c751e8b465ee728b)  -> (artifact id: '11caee560bd6abf6196c4addf4af397b') in 0.025639 seconds
Number of updated asset objects reloaded before import = 0
Number of asset objects unloaded after import = 4
========================================================================
Received Import Request.
  Time since last request: 0.000033 seconds.
  path: Assets/DevDen Arch Viz Scotland HDRP/Materials/grape2.mat
  artifactKey: Guid(55748e17be604da4bb141788ac655461) Importer(815301076,1909f56bfc062723c751e8b465ee728b)
Start importing Assets/DevDen Arch Viz Scotland HDRP/Materials/grape2.mat using Guid(55748e17be604da4bb141788ac655461) Importer(815301076,1909f56bfc062723c751e8b465ee728b)  -> (artifact id: '1170f91f35ace2b6f7b204ce657d2ec4') in 0.007709 seconds
Number of updated asset objects reloaded before import = 0
Number of asset objects unloaded after import = 2
========================================================================
Received Import Request.
  Time since last request: 0.000022 seconds.
  path: Assets/DevDen Arch Viz Scotland HDRP/Materials/studyroom_floor3.mat
  artifactKey: Guid(fa30d7ee76a1bf6449d1aca6e346d9f5) Importer(815301076,1909f56bfc062723c751e8b465ee728b)
Start importing Assets/DevDen Arch Viz Scotland HDRP/Materials/studyroom_floor3.mat using Guid(fa30d7ee76a1bf6449d1aca6e346d9f5) Importer(815301076,1909f56bfc062723c751e8b465ee728b)  -> (artifact id: '84c28db83b1cf1955d7d5e4b563ebed5') in 0.037815 seconds
Number of updated asset objects reloaded before import = 0
Number of asset objects unloaded after import = 5
========================================================================
Received Import Request.
  Time since last request: 0.000029 seconds.
  path: Assets/DevDen Arch Viz Scotland HDRP/Materials/livingroom_foto_frame.mat
  artifactKey: Guid(098c924bfe20a0a40b8d70cfaf830311) Importer(815301076,1909f56bfc062723c751e8b465ee728b)
Start importing Assets/DevDen Arch Viz Scotland HDRP/Materials/livingroom_foto_frame.mat using Guid(098c924bfe20a0a40b8d70cfaf830311) Importer(815301076,1909f56bfc062723c751e8b465ee728b)  -> (artifact id: 'b0453acdfa494e411120958e97421171') in 0.023327 seconds
Number of updated asset objects reloaded before import = 0
Number of asset objects unloaded after import = 5
========================================================================
Received Import Request.
  Time since last request: 0.000023 seconds.
  path: Assets/DevDen Arch Viz Scotland HDRP/Materials/knives.mat
  artifactKey: Guid(63bab8258dca7274d89a3b1702b57ed7) Importer(815301076,1909f56bfc062723c751e8b465ee728b)
Start importing Assets/DevDen Arch Viz Scotland HDRP/Materials/knives.mat using Guid(63bab8258dca7274d89a3b1702b57ed7) Importer(815301076,1909f56bfc062723c751e8b465ee728b)  -> (artifact id: 'c7849fc1a92cb5ff6434671b6c4b751f') in 0.041325 seconds
Number of updated asset objects reloaded before import = 0
Number of asset objects unloaded after import = 6
========================================================================
Received Import Request.
  Time since last request: 0.000032 seconds.
  path: Assets/DevDen Arch Viz Scotland HDRP/Materials/palms_stem.mat
  artifactKey: Guid(f8c38a3dcd774ae41883fce253938c14) Importer(815301076,1909f56bfc062723c751e8b465ee728b)
Start importing Assets/DevDen Arch Viz Scotland HDRP/Materials/palms_stem.mat using Guid(f8c38a3dcd774ae41883fce253938c14) Importer(815301076,1909f56bfc062723c751e8b465ee728b)  -> (artifact id: '7095183f4cd18f267ad7bc3dfd654d81') in 0.007137 seconds
Number of updated asset objects reloaded before import = 0
Number of asset objects unloaded after import = 2
========================================================================
Received Import Request.
  Time since last request: 0.000030 seconds.
  path: Assets/DevDen Arch Viz Scotland HDRP/Materials/livingroom_floor4.mat
  artifactKey: Guid(6dfd78c1d93ad604f9d0f62ddd69d3c6) Importer(815301076,1909f56bfc062723c751e8b465ee728b)
Start importing Assets/DevDen Arch Viz Scotland HDRP/Materials/livingroom_floor4.mat using Guid(6dfd78c1d93ad604f9d0f62ddd69d3c6) Importer(815301076,1909f56bfc062723c751e8b465ee728b)  -> (artifact id: '08f41acd3af392935c3dc64799ecf52a') in 0.023090 seconds
Number of updated asset objects reloaded before import = 0
Number of asset objects unloaded after import = 5
========================================================================
Received Import Request.
  Time since last request: 0.000025 seconds.
  path: Assets/DevDen Arch Viz Scotland HDRP/Materials/Book2.mat
  artifactKey: Guid(32fea033c01d728428cb409f76ca5168) Importer(815301076,1909f56bfc062723c751e8b465ee728b)
Start importing Assets/DevDen Arch Viz Scotland HDRP/Materials/Book2.mat using Guid(32fea033c01d728428cb409f76ca5168) Importer(815301076,1909f56bfc062723c751e8b465ee728b)  -> (artifact id: '2e46d6307b8b1639e69f6bc9d36e0937') in 0.007368 seconds
Number of updated asset objects reloaded before import = 0
Number of asset objects unloaded after import = 2
========================================================================
Received Import Request.
  Time since last request: 0.000033 seconds.
  path: Assets/DevDen Arch Viz Scotland HDRP/Materials/book_9.mat
  artifactKey: Guid(bebe435dbecc164468c51ef49238acca) Importer(815301076,1909f56bfc062723c751e8b465ee728b)
Start importing Assets/DevDen Arch Viz Scotland HDRP/Materials/book_9.mat using Guid(bebe435dbecc164468c51ef49238acca) Importer(815301076,1909f56bfc062723c751e8b465ee728b)  -> (artifact id: '022f814c96431036eff295c3b5bf7f5b') in 0.008092 seconds
Number of updated asset objects reloaded before import = 0
Number of asset objects unloaded after import = 3
========================================================================
Received Import Request.
  Time since last request: 0.000024 seconds.
  path: Assets/DevDen Arch Viz Scotland HDRP/Materials/switch1.mat
  artifactKey: Guid(b24e8bf6f46cd704784e1c3c6425881a) Importer(815301076,1909f56bfc062723c751e8b465ee728b)
Start importing Assets/DevDen Arch Viz Scotland HDRP/Materials/switch1.mat using Guid(b24e8bf6f46cd704784e1c3c6425881a) Importer(815301076,1909f56bfc062723c751e8b465ee728b)  -> (artifact id: 'e4bfb2664214aaf29cfefcd6e074d4e3') in 0.024746 seconds
Number of updated asset objects reloaded before import = 0
Number of asset objects unloaded after import = 5
========================================================================
Received Import Request.
  Time since last request: 0.000016 seconds.
  path: Assets/DevDen Arch Viz Scotland HDRP/Materials/book_8.mat
  artifactKey: Guid(3d1ad48eb988fba4fa01d793e7c48a12) Importer(815301076,1909f56bfc062723c751e8b465ee728b)
Start importing Assets/DevDen Arch Viz Scotland HDRP/Materials/book_8.mat using Guid(3d1ad48eb988fba4fa01d793e7c48a12) Importer(815301076,1909f56bfc062723c751e8b465ee728b)  -> (artifact id: 'a931b455cabdb0d2f9423e2182075963') in 0.008489 seconds
Number of updated asset objects reloaded before import = 0
Number of asset objects unloaded after import = 3
========================================================================
Received Import Request.
  Time since last request: 0.000015 seconds.
  path: Assets/DevDen Arch Viz Scotland HDRP/Materials/M_washbasin2.mat
  artifactKey: Guid(8d9f04025c3e6f641a21bdfe18e87f69) Importer(815301076,1909f56bfc062723c751e8b465ee728b)
Start importing Assets/DevDen Arch Viz Scotland HDRP/Materials/M_washbasin2.mat using Guid(8d9f04025c3e6f641a21bdfe18e87f69) Importer(815301076,1909f56bfc062723c751e8b465ee728b)  -> (artifact id: '53eca945e6afb1f90f6bd6b009fb9ba0') in 0.026275 seconds
Number of updated asset objects reloaded before import = 0
Number of asset objects unloaded after import = 5
========================================================================
Received Import Request.
  Time since last request: 0.000032 seconds.
  path: Assets/DevDen Arch Viz Scotland HDRP/Materials/Chrome Clean.mat
  artifactKey: Guid(2fdbedb0af1e9c540a9b3505c3c5150f) Importer(815301076,1909f56bfc062723c751e8b465ee728b)
Start importing Assets/DevDen Arch Viz Scotland HDRP/Materials/Chrome Clean.mat using Guid(2fdbedb0af1e9c540a9b3505c3c5150f) Importer(815301076,1909f56bfc062723c751e8b465ee728b)  -> (artifact id: '61b0d133aecf2c0edd9943e68380d110') in 0.007105 seconds
Number of updated asset objects reloaded before import = 0
Number of asset objects unloaded after import = 2
========================================================================
Received Import Request.
  Time since last request: 0.000019 seconds.
  path: Assets/DevDen Arch Viz Scotland HDRP/Materials/Air Conditioner.mat
  artifactKey: Guid(0ce7d6b2628db734b8d7cfbd7a853d4c) Importer(815301076,1909f56bfc062723c751e8b465ee728b)
Start importing Assets/DevDen Arch Viz Scotland HDRP/Materials/Air Conditioner.mat using Guid(0ce7d6b2628db734b8d7cfbd7a853d4c) Importer(815301076,1909f56bfc062723c751e8b465ee728b)  -> (artifact id: 'e001a174041e45bf89cebd9720c8a47b') in 0.029250 seconds
Number of updated asset objects reloaded before import = 0
Number of asset objects unloaded after import = 6
========================================================================
Received Import Request.
  Time since last request: 0.000019 seconds.
  path: Assets/DevDen Arch Viz Scotland HDRP/Materials/plastic.mat
  artifactKey: Guid(b7040b08bb4db4b47a186b7c4e605e57) Importer(815301076,1909f56bfc062723c751e8b465ee728b)
Start importing Assets/DevDen Arch Viz Scotland HDRP/Materials/plastic.mat using Guid(b7040b08bb4db4b47a186b7c4e605e57) Importer(815301076,1909f56bfc062723c751e8b465ee728b)  -> (artifact id: '5ae682f83f0bed44e2011f02dbd3766b') in 0.039504 seconds
Number of updated asset objects reloaded before import = 0
Number of asset objects unloaded after import = 5
========================================================================
Received Import Request.
  Time since last request: 0.000047 seconds.
  path: Assets/DevDen Arch Viz Scotland HDRP/Materials/washingglass.mat
  artifactKey: Guid(3a507e3dcb39c594589ea28d4821a88e) Importer(815301076,1909f56bfc062723c751e8b465ee728b)
Start importing Assets/DevDen Arch Viz Scotland HDRP/Materials/washingglass.mat using Guid(3a507e3dcb39c594589ea28d4821a88e) Importer(815301076,1909f56bfc062723c751e8b465ee728b)  -> (artifact id: '64bb2cc5277f11894f63b75e937e90de') in 0.008236 seconds
Number of updated asset objects reloaded before import = 0
Number of asset objects unloaded after import = 2
========================================================================
Received Import Request.
  Time since last request: 0.000018 seconds.
  path: Assets/DevDen Arch Viz Scotland HDRP/Materials/handle.mat
  artifactKey: Guid(9bc43993712333c41a7fbc62c926cace) Importer(815301076,1909f56bfc062723c751e8b465ee728b)
Start importing Assets/DevDen Arch Viz Scotland HDRP/Materials/handle.mat using Guid(9bc43993712333c41a7fbc62c926cace) Importer(815301076,1909f56bfc062723c751e8b465ee728b)  -> (artifact id: 'b6c034d09a8703a13a4fdf388af9ecdb') in 0.013317 seconds
Number of updated asset objects reloaded before import = 0
Number of asset objects unloaded after import = 4
========================================================================
Received Import Request.
  Time since last request: 0.000025 seconds.
  path: Assets/DevDen Arch Viz Scotland HDRP/Materials/bedroom_Ceiling_3.mat
  artifactKey: Guid(a2cc096f80572084db785768f01d4d4b) Importer(815301076,1909f56bfc062723c751e8b465ee728b)
Start importing Assets/DevDen Arch Viz Scotland HDRP/Materials/bedroom_Ceiling_3.mat using Guid(a2cc096f80572084db785768f01d4d4b) Importer(815301076,1909f56bfc062723c751e8b465ee728b)  -> (artifact id: '0cd2835c5dc0f6dc3d39cbf1bea906d7') in 0.006837 seconds
Number of updated asset objects reloaded before import = 0
Number of asset objects unloaded after import = 2
========================================================================
Received Import Request.
  Time since last request: 0.000018 seconds.
  path: Assets/DevDen Arch Viz Scotland HDRP/Materials/BedroomCeilingLamp.mat
  artifactKey: Guid(aea4306219373c44e997f597d321b065) Importer(815301076,1909f56bfc062723c751e8b465ee728b)
Start importing Assets/DevDen Arch Viz Scotland HDRP/Materials/BedroomCeilingLamp.mat using Guid(aea4306219373c44e997f597d321b065) Importer(815301076,1909f56bfc062723c751e8b465ee728b)  -> (artifact id: '40fef852a5f3aadda1f7b888b4e1c425') in 0.008147 seconds
Number of updated asset objects reloaded before import = 0
Number of asset objects unloaded after import = 2
========================================================================
Received Import Request.
  Time since last request: 0.000020 seconds.
  path: Assets/DevDen Arch Viz Scotland HDRP/Materials/granite.mat
  artifactKey: Guid(e5a2c377b24c2bc4a865b4ee66745718) Importer(815301076,1909f56bfc062723c751e8b465ee728b)
Start importing Assets/DevDen Arch Viz Scotland HDRP/Materials/granite.mat using Guid(e5a2c377b24c2bc4a865b4ee66745718) Importer(815301076,1909f56bfc062723c751e8b465ee728b)  -> (artifact id: '785055c339a2bd712fe2b59fce5010f5') in 0.029594 seconds
Number of updated asset objects reloaded before import = 0
Number of asset objects unloaded after import = 5
========================================================================
Received Import Request.
  Time since last request: 0.000022 seconds.
  path: Assets/DevDen Arch Viz Scotland HDRP/Materials/M_candleglass.mat
  artifactKey: Guid(5a6479d82c7eb914c860d8ae4f7b1c6a) Importer(815301076,1909f56bfc062723c751e8b465ee728b)
Start importing Assets/DevDen Arch Viz Scotland HDRP/Materials/M_candleglass.mat using Guid(5a6479d82c7eb914c860d8ae4f7b1c6a) Importer(815301076,1909f56bfc062723c751e8b465ee728b)  -> (artifact id: 'afe86ad7bb57510ab1c4da7f61e2188b') in 0.009211 seconds
Number of updated asset objects reloaded before import = 0
Number of asset objects unloaded after import = 2
========================================================================
Received Import Request.
  Time since last request: 0.000023 seconds.
  path: Assets/DevDen Arch Viz Scotland HDRP/Materials/door1.mat
  artifactKey: Guid(4abd9d431835ffc4ba75287ba2b174ba) Importer(815301076,1909f56bfc062723c751e8b465ee728b)
Start importing Assets/DevDen Arch Viz Scotland HDRP/Materials/door1.mat using Guid(4abd9d431835ffc4ba75287ba2b174ba) Importer(815301076,1909f56bfc062723c751e8b465ee728b)  -> (artifact id: 'fc84c8edf3bc1d4467e67407a79dec41') in 0.015418 seconds
Number of updated asset objects reloaded before import = 0
Number of asset objects unloaded after import = 5
========================================================================
Received Import Request.
  Time since last request: 0.000019 seconds.
  path: Assets/DevDen Arch Viz Scotland HDRP/Materials/dinning_table.mat
  artifactKey: Guid(4930f9a2e09dff6408b186b41dd7e6f7) Importer(815301076,1909f56bfc062723c751e8b465ee728b)
Start importing Assets/DevDen Arch Viz Scotland HDRP/Materials/dinning_table.mat using Guid(4930f9a2e09dff6408b186b41dd7e6f7) Importer(815301076,1909f56bfc062723c751e8b465ee728b)  -> (artifact id: '1edc3fb39937b4a67151695337296ba5') in 0.032315 seconds
Number of updated asset objects reloaded before import = 0
Number of asset objects unloaded after import = 5
========================================================================
Received Import Request.
  Time since last request: 0.000017 seconds.
  path: Assets/DevDen Arch Viz Scotland HDRP/Materials/studyroom_wall3.mat
  artifactKey: Guid(ac9f5a87bc6039548839b055b01457b6) Importer(815301076,1909f56bfc062723c751e8b465ee728b)
Start importing Assets/DevDen Arch Viz Scotland HDRP/Materials/studyroom_wall3.mat using Guid(ac9f5a87bc6039548839b055b01457b6) Importer(815301076,1909f56bfc062723c751e8b465ee728b)  -> (artifact id: '4e77032afc5f2a53552d05b4221289dc') in 0.025976 seconds
Number of updated asset objects reloaded before import = 0
Number of asset objects unloaded after import = 5
========================================================================
Received Import Request.
  Time since last request: 0.000021 seconds.
  path: Assets/DevDen Arch Viz Scotland HDRP/Materials/little_props.mat
  artifactKey: Guid(4d20fd2d0876d2043a6b30802636f668) Importer(815301076,1909f56bfc062723c751e8b465ee728b)
Start importing Assets/DevDen Arch Viz Scotland HDRP/Materials/little_props.mat using Guid(4d20fd2d0876d2043a6b30802636f668) Importer(815301076,1909f56bfc062723c751e8b465ee728b)  -> (artifact id: 'e761dd4a06125c77518c45303f6556a2') in 0.009546 seconds
Number of updated asset objects reloaded before import = 0
Number of asset objects unloaded after import = 2
========================================================================
Received Import Request.
  Time since last request: 0.000037 seconds.
  path: Assets/DevDen Arch Viz Scotland HDRP/Materials/washingmachineclosed.mat
  artifactKey: Guid(ea636fb6a1773c14d9c8a721de688596) Importer(815301076,1909f56bfc062723c751e8b465ee728b)
Start importing Assets/DevDen Arch Viz Scotland HDRP/Materials/washingmachineclosed.mat using Guid(ea636fb6a1773c14d9c8a721de688596) Importer(815301076,1909f56bfc062723c751e8b465ee728b)  -> (artifact id: '84171106b1536643d401a4ceef3511bc') in 0.013066 seconds
Number of updated asset objects reloaded before import = 0
Number of asset objects unloaded after import = 4
========================================================================
Received Import Request.
  Time since last request: 0.000028 seconds.
  path: Assets/DevDen Arch Viz Scotland HDRP/Materials/gold_tap_handle.mat
  artifactKey: Guid(4de3204f745b1c3438dda73e0e8f0c20) Importer(815301076,1909f56bfc062723c751e8b465ee728b)
Start importing Assets/DevDen Arch Viz Scotland HDRP/Materials/gold_tap_handle.mat using Guid(4de3204f745b1c3438dda73e0e8f0c20) Importer(815301076,1909f56bfc062723c751e8b465ee728b)  -> (artifact id: 'c6f166a6a7ac77d0522b4aca99f3bd46') in 0.019971 seconds
Number of updated asset objects reloaded before import = 0
Number of asset objects unloaded after import = 5
========================================================================
Received Import Request.
  Time since last request: 0.000033 seconds.
  path: Assets/DevDen Arch Viz Scotland HDRP/Materials/M_candle.mat
  artifactKey: Guid(5c609b9a068777f4badb5750b7d7ee77) Importer(815301076,1909f56bfc062723c751e8b465ee728b)
Start importing Assets/DevDen Arch Viz Scotland HDRP/Materials/M_candle.mat using Guid(5c609b9a068777f4badb5750b7d7ee77) Importer(815301076,1909f56bfc062723c751e8b465ee728b)  -> (artifact id: 'f0d5759754cc64eba33b103b0fbf8499') in 0.006959 seconds
Number of updated asset objects reloaded before import = 0
Number of asset objects unloaded after import = 2
Editor requested this worker to shutdown with reason: Scaling down because of idle timeout
TcpMessagingSession - receive error: operation aborted. errorcode: 995, details: The I/O operation has been aborted because of either a thread exit or an application request.
AssetImportWorker is now disconnected from the server
Process exiting
Exiting without the bug reporter. Application will terminate with return code 0